<?xml version="1.0" encoding="UTF-8"?>
<!-- Generated by org.testng.reporters.JUnitXMLReporter -->
<testsuite hostname="BLR2T2WSF038" name="PendingStatusVerified" tests="1" failures="1" timestamp="16 Oct 2018 02:30:05 GMT" time="45.275" errors="0">
  <testcase name="PendingStatusVerified" time="37.623" classname="tests.PendingStatusVerified">
    <failure type="java.lang.AssertionError" message="null">
      <![CDATA[java.lang.AssertionError: null
	at tests.PendingStatusVerified.PendingStatusVerified(PendingStatusVerified.java:154)
... Removed 26 stack frames]]>
    </failure>
  </testcase> <!-- PendingStatusVerified -->
</testsuite> <!-- PendingStatusVerified -->
