<?xml version="1.0" encoding="UTF-8"?>
<!-- Generated by org.testng.reporters.JUnitXMLReporter -->
<testsuite hostname="BLR2T2WSF038" name="SharingPercentage" tests="3" failures="0" timestamp="21 Jan 2019 08:13:24 GMT" time="113.826" errors="0">
  <testcase name="A_TLLogin" time="1.46" classname="Sharing.SharingPercentage"/>
  <testcase name="B_DailyCurentRevenuePercentage" time="66.267" classname="Sharing.SharingPercentage"/>
  <testcase name="C_ADminLogin" time="32.654" classname="Sharing.SharingPercentage"/>
</testsuite> <!-- SharingPercentage -->
