<?xml version="1.0" encoding="UTF-8"?>
<!-- Generated by org.testng.reporters.JUnitXMLReporter -->
<testsuite hostname="BLR2T2WSF038" name="AccountConfigScreen" tests="1" failures="1" timestamp="29 Aug 2018 05:51:52 GMT" time="49.783" errors="0">
  <testcase name="AccountConfigScreen" time="32.13" classname="tests.AccountConfigScreen">
    <failure type="java.lang.AssertionError" message="Billing Error Message not Appearing expected [true] but found [false]">
      <![CDATA[java.lang.AssertionError: Billing Error Message not Appearing expected [true] but found [false]
	at tests.AccountConfigScreen.AccountConfigScreen(AccountConfigScreen.java:107)
... Removed 27 stack frames]]>
    </failure>
  </testcase> <!-- AccountConfigScreen -->
</testsuite> <!-- AccountConfigScreen -->
