<?xml version="1.0" encoding="UTF-8"?>
<testng-results skipped="0" failed="0" ignored="0" total="1" passed="1">
  <reporter-output>
  </reporter-output>
  <suite name="Default suite" duration-ms="84860" started-at="2019-10-13T23:28:55 IST" finished-at="2019-10-13T23:30:20 IST">
    <groups>
    </groups>
    <test name="Default test" duration-ms="84860" started-at="2019-10-13T23:28:55 IST" finished-at="2019-10-13T23:30:20 IST">
      <class name="Assignments.WalmartReview_Assignment3">
        <test-method status="PASS" signature="walmart()[pri:0, instance:Assignments.WalmartReview_Assignment3@16a4d6c]" name="walmart" duration-ms="84654" started-at="2019-10-13T23:28:56 IST" finished-at="2019-10-13T23:30:20 IST">
          <reporter-output>
          </reporter-output>
        </test-method> <!-- walmart -->
      </class> <!-- Assignments.WalmartReview_Assignment3 -->
    </test> <!-- Default test -->
  </suite> <!-- Default suite -->
</testng-results>
