<?xml version="1.0" encoding="UTF-8"?>
<!-- Generated by org.testng.reporters.JUnitXMLReporter -->
<testsuite hostname="BLR2T2WSF038" name="DailyRevenueEstimatedRevenue" tests="2" failures="0" timestamp="21 Jan 2019 07:03:48 GMT" time="62.849" errors="0">
  <testcase name="DailyRevenueEstimatedRevenue" time="27.938" classname="ReportCases.DailyRevenueEstimatedRevenue"/>
  <testcase name="ClientEstimatedRevenue" time="26.376" classname="ReportCases.DailyRevenueEstimatedRevenue"/>
</testsuite> <!-- DailyRevenueEstimatedRevenue -->
