<?xml version="1.0" encoding="UTF-8"?>
<!-- Generated by org.testng.reporters.JUnitXMLReporter -->
<testsuite hostname="BLR2T2WSF038" name="EditDataPendingStatus" tests="1" failures="1" timestamp="19 Sep 2018 03:15:00 GMT" time="12.733" errors="0">
  <testcase name="EditDataPendingStatus" time="5.859" classname="tests.EditDataPendingStatus">
    <failure type="org.openqa.selenium.UnhandledAlertException" message="Unexpected modal dialog (text: Please select TL): Please select TL
Build info: version: &amp;apos;2.53.0&amp;apos;, revision: &amp;apos;35ae25b1534ae328c771e0856c93e187490ca824&amp;apos;, time: &amp;apos;2016-03-15 10:43:46&amp;apos;
System info: host: &amp;apos;BLR2T2WSF038&amp;apos;, ip: &amp;apos;10.8.34.112&amp;apos;, os.name: &amp;apos;Windows 10&amp;apos;, os.arch: &amp;apos;amd64&amp;apos;, os.version: &amp;apos;10.0&amp;apos;, java.version: &amp;apos;1.8.0_162&amp;apos;
Driver info: org.openqa.selenium.firefox.FirefoxDriver
Capabilities [{applicationCacheEnabled=true, rotatable=false, handlesAlerts=true, databaseEnabled=true, version=43.0.1, platform=WINDOWS, nativeEvents=false, acceptSslCerts=true, webStorageEnabled=true, locationContextEnabled=true, browserName=firefox, takesScreenshot=true, javascriptEnabled=true, cssSelectorsEnabled=true}]
Session ID: 70d9d528-4415-4dd9-a878-063a750c06c6">
      <![CDATA[org.openqa.selenium.UnhandledAlertException: Unexpected modal dialog (text: Please select TL): Please select TL
Build info: version: '2.53.0', revision: '35ae25b1534ae328c771e0856c93e187490ca824', time: '2016-03-15 10:43:46'
System info: host: 'BLR2T2WSF038', ip: '10.8.34.112', os.name: 'Windows 10', os.arch: 'amd64', os.version: '10.0', java.version: '1.8.0_162'
Driver info: org.openqa.selenium.firefox.FirefoxDriver
Capabilities [{applicationCacheEnabled=true, rotatable=false, handlesAlerts=true, databaseEnabled=true, version=43.0.1, platform=WINDOWS, nativeEvents=false, acceptSslCerts=true, webStorageEnabled=true, locationContextEnabled=true, browserName=firefox, takesScreenshot=true, javascriptEnabled=true, cssSelectorsEnabled=true}]
Session ID: 70d9d528-4415-4dd9-a878-063a750c06c6
	at org.openqa.selenium.remote.ErrorHandler.createThrowable(ErrorHandler.java:206)
	at org.openqa.selenium.remote.ErrorHandler.createUnhandledAlertException(ErrorHandler.java:187)
	at org.openqa.selenium.remote.ErrorHandler.throwIfResponseFailed(ErrorHandler.java:154)
	at org.openqa.selenium.remote.RemoteWebDriver.execute(RemoteWebDriver.java:678)
	at org.openqa.selenium.remote.RemoteWebDriver.execute(RemoteWebDriver.java:701)
	at org.openqa.selenium.firefox.FirefoxDriver.getScreenshotAs(FirefoxDriver.java:341)
	at util.TestUtil.takeScreenShot(TestUtil.java:42)
	at tests.EditDataPendingStatus.EditDataPendingStatus(EditDataPendingStatus.java:66)
... Removed 28 stack frames]]>
    </failure>
  </testcase> <!-- EditDataPendingStatus -->
</testsuite> <!-- EditDataPendingStatus -->
