<?xml version="1.0" encoding="UTF-8"?>
<!-- Generated by org.testng.reporters.JUnitXMLReporter -->
<testsuite hostname="BLR2T2WSF038" name="SharingPercentage" tests="3" failures="0" timestamp="16 Oct 2018 10:18:00 GMT" time="78.508" errors="0">
  <testcase name="A_TLLogin" time="1.071" classname="Sharing.SharingPercentage"/>
  <testcase name="B_DailyCurentRevenuePercentage" time="44.991" classname="Sharing.SharingPercentage"/>
  <testcase name="C_ADminLogin" time="25.561" classname="Sharing.SharingPercentage"/>
</testsuite> <!-- SharingPercentage -->
